# JRE version: OpenJDK Runtime Environment Microsoft-10800295 (17.0.14+7) (build 17.0.14+7-LTS)
# Java VM: OpenJDK 64-Bit Server VM Microsoft-10800295 (17.0.14+7-LTS, mixed mode, sharing, tiered, compressed oops, compressed class ptrs, g1 gc, windows-amd64)
GC Precious Log:
 CPUs: 12 total, 12 available
 Memory: 15775M
 Large Page Support: Disabled
 NUMA Support: Disabled
 Compressed Oops: Enabled (Zero based)
 Heap Region Size: 2M
 Heap Min Capacity: 8M
 Heap Initial Capacity: 248M
 Heap Max Capacity: 4G
 Pre-touch: Disabled
 Parallel Workers: 10
 Concurrent Workers: 3
 Concurrent Refinement Workers: 10
 Periodic GC: Disabled
Heap:
 garbage-first heap   total 438272K, used 320700K [0x0000000700000000, 0x0000000800000000)
  region size 2048K, 10 young (20480K), 4 survivors (8192K)
 Metaspace       used 122481K, committed 124416K, reserved 557056K
  class space    used 16807K, committed 17664K, reserved 425984K
GC Heap History (20 events):
Event: 92.287 GC heap before
{Heap before GC invocations=58 (full 0):
 garbage-first heap   total 438272K, used 353990K [0x0000000700000000, 0x0000000800000000)
  region size 2048K, 74 young (151552K), 9 survivors (18432K)
 Metaspace       used 110703K, committed 112320K, reserved 557056K
  class space    used 15239K, committed 15936K, reserved 425984K
}
Event: 92.305 GC heap after
{Heap after GC invocations=59 (full 0):
 garbage-first heap   total 438272K, used 241501K [0x0000000700000000, 0x0000000800000000)
  region size 2048K, 10 young (20480K), 10 survivors (20480K)
 Metaspace       used 110703K, committed 112320K, reserved 557056K
  class space    used 15239K, committed 15936K, reserved 425984K
}
Event: 93.681 GC heap before
{Heap before GC invocations=59 (full 0):
 garbage-first heap   total 438272K, used 356189K [0x0000000700000000, 0x0000000800000000)
  region size 2048K, 66 young (135168K), 10 survivors (20480K)
 Metaspace       used 111217K, committed 112960K, reserved 557056K
  class space    used 15300K, committed 16064K, reserved 425984K
}
Event: 93.698 GC heap after
{Heap after GC invocations=60 (full 0):
 garbage-first heap   total 438272K, used 260440K [0x0000000700000000, 0x0000000800000000)
  region size 2048K, 9 young (18432K), 9 survivors (18432K)
 Metaspace       used 111217K, committed 112960K, reserved 557056K
  class space    used 15300K, committed 16064K, reserved 425984K
}
Event: 94.626 GC heap before
{Heap before GC invocations=60 (full 0):
 garbage-first heap   total 438272K, used 352600K [0x0000000700000000, 0x0000000800000000)
  region size 2048K, 55 young (112640K), 9 survivors (18432K)
 Metaspace       used 113696K, committed 115392K, reserved 557056K
  class space    used 15654K, committed 16384K, reserved 425984K
}
Event: 94.638 GC heap after
{Heap after GC invocations=61 (full 0):
 garbage-first heap   total 438272K, used 272010K [0x0000000700000000, 0x0000000800000000)
  region size 2048K, 6 young (12288K), 6 survivors (12288K)
 Metaspace       used 113696K, committed 115392K, reserved 557056K
  class space    used 15654K, committed 16384K, reserved 425984K
}
Event: 96.554 GC heap before
{Heap before GC invocations=61 (full 0):
 garbage-first heap   total 438272K, used 358026K [0x0000000700000000, 0x0000000800000000)
  region size 2048K, 48 young (98304K), 6 survivors (12288K)
 Metaspace       used 117850K, committed 119680K, reserved 557056K
  class space    used 16212K, committed 17024K, reserved 425984K
}
Event: 96.566 GC heap after
{Heap after GC invocations=62 (full 0):
 garbage-first heap   total 438272K, used 284408K [0x0000000700000000, 0x0000000800000000)
  region size 2048K, 6 young (12288K), 6 survivors (12288K)
 Metaspace       used 117850K, committed 119680K, reserved 557056K
  class space    used 16212K, committed 17024K, reserved 425984K
}
Event: 97.744 GC heap before
{Heap before GC invocations=62 (full 0):
 garbage-first heap   total 438272K, used 362232K [0x0000000700000000, 0x0000000800000000)
  region size 2048K, 44 young (90112K), 6 survivors (12288K)
 Metaspace       used 119371K, committed 121216K, reserved 557056K
  class space    used 16402K, committed 17216K, reserved 425984K
}
Event: 97.757 GC heap after
{Heap after GC invocations=63 (full 0):
 garbage-first heap   total 438272K, used 294853K [0x0000000700000000, 0x0000000800000000)
  region size 2048K, 5 young (10240K), 5 survivors (10240K)
 Metaspace       used 119371K, committed 121216K, reserved 557056K
  class space    used 16402K, committed 17216K, reserved 425984K
}
Event: 103.389 GC heap before
{Heap before GC invocations=63 (full 0):
 garbage-first heap   total 438272K, used 366533K [0x0000000700000000, 0x0000000800000000)
  region size 2048K, 40 young (81920K), 5 survivors (10240K)
 Metaspace       used 120746K, committed 122688K, reserved 557056K
  class space    used 16609K, committed 17472K, reserved 425984K
}
Event: 103.399 GC heap after
{Heap after GC invocations=64 (full 0):
 garbage-first heap   total 438272K, used 302961K [0x0000000700000000, 0x0000000800000000)
  region size 2048K, 4 young (8192K), 4 survivors (8192K)
 Metaspace       used 120746K, committed 122688K, reserved 557056K
  class space    used 16609K, committed 17472K, reserved 425984K
}
Event: 110.342 GC heap before
{Heap before GC invocations=64 (full 0):
 garbage-first heap   total 438272K, used 366449K [0x0000000700000000, 0x0000000800000000)
  region size 2048K, 36 young (73728K), 4 survivors (8192K)
 Metaspace       used 121108K, committed 123008K, reserved 557056K
  class space    used 16649K, committed 17472K, reserved 425984K
}
Event: 110.350 GC heap after
{Heap after GC invocations=65 (full 0):
 garbage-first heap   total 438272K, used 306825K [0x0000000700000000, 0x0000000800000000)
  region size 2048K, 3 young (6144K), 3 survivors (6144K)
 Metaspace       used 121108K, committed 123008K, reserved 557056K
  class space    used 16649K, committed 17472K, reserved 425984K
}
Event: 110.589 GC heap before
{Heap before GC invocations=65 (full 0):
 garbage-first heap   total 438272K, used 368265K [0x0000000700000000, 0x0000000800000000)
  region size 2048K, 34 young (69632K), 3 survivors (6144K)
 Metaspace       used 121108K, committed 123008K, reserved 557056K
  class space    used 16649K, committed 17472K, reserved 425984K
}
Event: 110.594 GC heap after
{Heap after GC invocations=66 (full 0):
 garbage-first heap   total 438272K, used 307850K [0x0000000700000000, 0x0000000800000000)
  region size 2048K, 3 young (6144K), 3 survivors (6144K)
 Metaspace       used 121108K, committed 123008K, reserved 557056K
  class space    used 16649K, committed 17472K, reserved 425984K
}
Event: 110.805 GC heap before
{Heap before GC invocations=66 (full 0):
 garbage-first heap   total 438272K, used 371338K [0x0000000700000000, 0x0000000800000000)
  region size 2048K, 35 young (71680K), 3 survivors (6144K)
 Metaspace       used 121108K, committed 123008K, reserved 557056K
  class space    used 16649K, committed 17472K, reserved 425984K
}
Event: 110.808 GC heap after
{Heap after GC invocations=67 (full 0):
 garbage-first heap   total 438272K, used 309092K [0x0000000700000000, 0x0000000800000000)
  region size 2048K, 4 young (8192K), 4 survivors (8192K)
 Metaspace       used 121108K, committed 123008K, reserved 557056K
  class space    used 16649K, committed 17472K, reserved 425984K
}
Event: 111.380 GC heap before
{Heap before GC invocations=67 (full 0):
 garbage-first heap   total 438272K, used 372580K [0x0000000700000000, 0x0000000800000000)
  region size 2048K, 36 young (73728K), 4 survivors (8192K)
 Metaspace       used 122263K, committed 124224K, reserved 557056K
  class space    used 16795K, committed 17664K, reserved 425984K
}
Event: 111.386 GC heap after
{Heap after GC invocations=68 (full 0):
 garbage-first heap   total 438272K, used 310460K [0x0000000700000000, 0x0000000800000000)
  region size 2048K, 4 young (8192K), 4 survivors (8192K)
 Metaspace       used 122263K, committed 124224K, reserved 557056K
  class space    used 16795K, committed 17664K, reserved 425984K
}

