# JRE version: OpenJDK Runtime Environment Microsoft-10800295 (17.0.14+7) (build 17.0.14+7-LTS)
# Java VM: OpenJDK 64-Bit Server VM Microsoft-10800295 (17.0.14+7-LTS, mixed mode, sharing, tiered, compressed oops, compressed class ptrs, g1 gc, windows-amd64)
GC Precious Log:
 CPUs: 12 total, 12 available
 Memory: 15775M
 Large Page Support: Disabled
 NUMA Support: Disabled
 Compressed Oops: Enabled (Zero based)
 Heap Region Size: 2M
 Heap Min Capacity: 8M
 Heap Initial Capacity: 248M
 Heap Max Capacity: 4G
 Pre-touch: Disabled
 Parallel Workers: 10
 Concurrent Workers: 3
 Concurrent Refinement Workers: 10
 Periodic GC: Disabled
Heap:
 garbage-first heap   total 253952K, used 82799K [0x0000000700000000, 0x0000000800000000)
  region size 2048K, 2 young (4096K), 2 survivors (4096K)
 Metaspace       used 74105K, committed 75008K, reserved 491520K
  class space    used 10445K, committed 10880K, reserved 425984K
GC Heap History (20 events):
Event: 8.928 GC heap after
{Heap after GC invocations=26 (full 0):
 garbage-first heap   total 110592K, used 63282K [0x0000000700000000, 0x0000000800000000)
  region size 2048K, 2 young (4096K), 2 survivors (4096K)
 Metaspace       used 64548K, committed 65216K, reserved 491520K
  class space    used 9143K, committed 9472K, reserved 425984K
}
Event: 9.257 GC heap before
{Heap before GC invocations=27 (full 0):
 garbage-first heap   total 112640K, used 89906K [0x0000000700000000, 0x0000000800000000)
  region size 2048K, 15 young (30720K), 2 survivors (4096K)
 Metaspace       used 65766K, committed 66496K, reserved 491520K
  class space    used 9293K, committed 9664K, reserved 425984K
}
Event: 9.260 GC heap after
{Heap after GC invocations=28 (full 0):
 garbage-first heap   total 112640K, used 65185K [0x0000000700000000, 0x0000000800000000)
  region size 2048K, 2 young (4096K), 2 survivors (4096K)
 Metaspace       used 65766K, committed 66496K, reserved 491520K
  class space    used 9293K, committed 9664K, reserved 425984K
}
Event: 9.541 GC heap before
{Heap before GC invocations=28 (full 0):
 garbage-first heap   total 112640K, used 87713K [0x0000000700000000, 0x0000000800000000)
  region size 2048K, 14 young (28672K), 2 survivors (4096K)
 Metaspace       used 66603K, committed 67392K, reserved 491520K
  class space    used 9399K, committed 9792K, reserved 425984K
}
Event: 9.545 GC heap after
{Heap after GC invocations=29 (full 0):
 garbage-first heap   total 135168K, used 66604K [0x0000000700000000, 0x0000000800000000)
  region size 2048K, 2 young (4096K), 2 survivors (4096K)
 Metaspace       used 66603K, committed 67392K, reserved 491520K
  class space    used 9399K, committed 9792K, reserved 425984K
}
Event: 10.106 GC heap before
{Heap before GC invocations=30 (full 0):
 garbage-first heap   total 135168K, used 107564K [0x0000000700000000, 0x0000000800000000)
  region size 2048K, 22 young (45056K), 2 survivors (4096K)
 Metaspace       used 69676K, committed 70464K, reserved 491520K
  class space    used 9847K, committed 10240K, reserved 425984K
}
Event: 10.110 GC heap after
{Heap after GC invocations=31 (full 0):
 garbage-first heap   total 135168K, used 69457K [0x0000000700000000, 0x0000000800000000)
  region size 2048K, 3 young (6144K), 3 survivors (6144K)
 Metaspace       used 69676K, committed 70464K, reserved 491520K
  class space    used 9847K, committed 10240K, reserved 425984K
}
Event: 10.625 GC heap before
{Heap before GC invocations=31 (full 0):
 garbage-first heap   total 135168K, used 106321K [0x0000000700000000, 0x0000000800000000)
  region size 2048K, 22 young (45056K), 3 survivors (6144K)
 Metaspace       used 72047K, committed 72896K, reserved 491520K
  class space    used 10261K, committed 10624K, reserved 425984K
}
Event: 10.629 GC heap after
{Heap after GC invocations=32 (full 0):
 garbage-first heap   total 135168K, used 72406K [0x0000000700000000, 0x0000000800000000)
  region size 2048K, 3 young (6144K), 3 survivors (6144K)
 Metaspace       used 72047K, committed 72896K, reserved 491520K
  class space    used 10261K, committed 10624K, reserved 425984K
}
Event: 10.919 GC heap before
{Heap before GC invocations=33 (full 0):
 garbage-first heap   total 135168K, used 105174K [0x0000000700000000, 0x0000000800000000)
  region size 2048K, 20 young (40960K), 3 survivors (6144K)
 Metaspace       used 73346K, committed 74240K, reserved 491520K
  class space    used 10419K, committed 10816K, reserved 425984K
}
Event: 10.923 GC heap after
{Heap after GC invocations=34 (full 0):
 garbage-first heap   total 135168K, used 76825K [0x0000000700000000, 0x0000000800000000)
  region size 2048K, 3 young (6144K), 3 survivors (6144K)
 Metaspace       used 73346K, committed 74240K, reserved 491520K
  class space    used 10419K, committed 10816K, reserved 425984K
}
Event: 10.926 GC heap before
{Heap before GC invocations=34 (full 0):
 garbage-first heap   total 135168K, used 78873K [0x0000000700000000, 0x0000000800000000)
  region size 2048K, 4 young (8192K), 3 survivors (6144K)
 Metaspace       used 73346K, committed 74240K, reserved 491520K
  class space    used 10419K, committed 10816K, reserved 425984K
}
Event: 10.928 GC heap after
{Heap after GC invocations=35 (full 0):
 garbage-first heap   total 135168K, used 76325K [0x0000000700000000, 0x0000000800000000)
  region size 2048K, 1 young (2048K), 1 survivors (2048K)
 Metaspace       used 73346K, committed 74240K, reserved 491520K
  class space    used 10419K, committed 10816K, reserved 425984K
}
Event: 11.344 GC heap before
{Heap before GC invocations=35 (full 0):
 garbage-first heap   total 135168K, used 107045K [0x0000000700000000, 0x0000000800000000)
  region size 2048K, 16 young (32768K), 1 survivors (2048K)
 Metaspace       used 73935K, committed 74816K, reserved 491520K
  class space    used 10445K, committed 10880K, reserved 425984K
}
Event: 11.347 GC heap after
{Heap after GC invocations=36 (full 0):
 garbage-first heap   total 135168K, used 80511K [0x0000000700000000, 0x0000000800000000)
  region size 2048K, 2 young (4096K), 2 survivors (4096K)
 Metaspace       used 73935K, committed 74816K, reserved 491520K
  class space    used 10445K, committed 10880K, reserved 425984K
}
Event: 11.437 GC heap before
{Heap before GC invocations=37 (full 0):
 garbage-first heap   total 161792K, used 105087K [0x0000000700000000, 0x0000000800000000)
  region size 2048K, 15 young (30720K), 2 survivors (4096K)
 Metaspace       used 74043K, committed 74944K, reserved 491520K
  class space    used 10445K, committed 10880K, reserved 425984K
}
Event: 11.441 GC heap after
{Heap after GC invocations=38 (full 0):
 garbage-first heap   total 161792K, used 82103K [0x0000000700000000, 0x0000000800000000)
  region size 2048K, 2 young (4096K), 2 survivors (4096K)
 Metaspace       used 74043K, committed 74944K, reserved 491520K
  class space    used 10445K, committed 10880K, reserved 425984K
}
Event: 11.446 GC heap before
{Heap before GC invocations=38 (full 0):
 garbage-first heap   total 161792K, used 84151K [0x0000000700000000, 0x0000000800000000)
  region size 2048K, 3 young (6144K), 2 survivors (4096K)
 Metaspace       used 74050K, committed 74944K, reserved 491520K
  class space    used 10445K, committed 10880K, reserved 425984K
}
Event: 11.448 GC heap after
{Heap after GC invocations=39 (full 0):
 garbage-first heap   total 161792K, used 80753K [0x0000000700000000, 0x0000000800000000)
  region size 2048K, 1 young (2048K), 1 survivors (2048K)
 Metaspace       used 74050K, committed 74944K, reserved 491520K
  class space    used 10445K, committed 10880K, reserved 425984K
}
Event: 11.551 GC heap before
{Heap before GC invocations=39 (full 0):
 garbage-first heap   total 161792K, used 127857K [0x0000000700000000, 0x0000000800000000)
  region size 2048K, 24 young (49152K), 1 survivors (2048K)
 Metaspace       used 74105K, committed 75008K, reserved 491520K
  class space    used 10445K, committed 10880K, reserved 425984K
}

