# JRE version: OpenJDK Runtime Environment Microsoft-10800295 (17.0.14+7) (build 17.0.14+7-LTS)
# Java VM: OpenJDK 64-Bit Server VM Microsoft-10800295 (17.0.14+7-LTS, mixed mode, sharing, tiered, compressed oops, compressed class ptrs, g1 gc, windows-amd64)
GC Precious Log:
 CPUs: 12 total, 12 available
 Memory: 15775M
 Large Page Support: Disabled
 NUMA Support: Disabled
 Compressed Oops: Enabled (32-bit)
 Heap Region Size: 1M
 Heap Min Capacity: 8M
 Heap Initial Capacity: 248M
 Heap Max Capacity: 2G
 Pre-touch: Disabled
 Parallel Workers: 10
 Concurrent Workers: 3
 Concurrent Refinement Workers: 10
 Periodic GC: Disabled
Heap:
 garbage-first heap   total 115712K, used 86296K [0x0000000080000000, 0x0000000100000000)
  region size 1024K, 27 young (27648K), 4 survivors (4096K)
 Metaspace       used 67785K, committed 68608K, reserved 491520K
  class space    used 9587K, committed 9984K, reserved 425984K
GC Heap History (20 events):
Event: 7.075 GC heap before
{Heap before GC invocations=21 (full 0):
 garbage-first heap   total 86016K, used 50569K [0x0000000080000000, 0x0000000100000000)
  region size 1024K, 5 young (5120K), 2 survivors (2048K)
 Metaspace       used 54084K, committed 54720K, reserved 491520K
  class space    used 7608K, committed 7936K, reserved 425984K
}
Event: 7.077 GC heap after
{Heap after GC invocations=22 (full 0):
 garbage-first heap   total 86016K, used 49733K [0x0000000080000000, 0x0000000100000000)
  region size 1024K, 2 young (2048K), 2 survivors (2048K)
 Metaspace       used 54084K, committed 54720K, reserved 491520K
  class space    used 7608K, committed 7936K, reserved 425984K
}
Event: 7.236 GC heap before
{Heap before GC invocations=23 (full 0):
 garbage-first heap   total 94208K, used 65093K [0x0000000080000000, 0x0000000100000000)
  region size 1024K, 14 young (14336K), 2 survivors (2048K)
 Metaspace       used 55021K, committed 55680K, reserved 491520K
  class space    used 7731K, committed 8064K, reserved 425984K
}
Event: 7.238 GC heap after
{Heap after GC invocations=24 (full 0):
 garbage-first heap   total 94208K, used 53535K [0x0000000080000000, 0x0000000100000000)
  region size 1024K, 1 young (1024K), 1 survivors (1024K)
 Metaspace       used 55021K, committed 55680K, reserved 491520K
  class space    used 7731K, committed 8064K, reserved 425984K
}
Event: 7.412 GC heap before
{Heap before GC invocations=24 (full 0):
 garbage-first heap   total 94208K, used 68895K [0x0000000080000000, 0x0000000100000000)
  region size 1024K, 16 young (16384K), 1 survivors (1024K)
 Metaspace       used 56935K, committed 57536K, reserved 491520K
  class space    used 7977K, committed 8256K, reserved 425984K
}
Event: 7.414 GC heap after
{Heap after GC invocations=25 (full 0):
 garbage-first heap   total 94208K, used 54480K [0x0000000080000000, 0x0000000100000000)
  region size 1024K, 2 young (2048K), 2 survivors (2048K)
 Metaspace       used 56935K, committed 57536K, reserved 491520K
  class space    used 7977K, committed 8256K, reserved 425984K
}
Event: 7.547 GC heap before
{Heap before GC invocations=26 (full 0):
 garbage-first heap   total 96256K, used 70864K [0x0000000080000000, 0x0000000100000000)
  region size 1024K, 18 young (18432K), 2 survivors (2048K)
 Metaspace       used 57952K, committed 58624K, reserved 491520K
  class space    used 8151K, committed 8448K, reserved 425984K
}
Event: 7.548 GC heap after
{Heap after GC invocations=27 (full 0):
 garbage-first heap   total 96256K, used 54777K [0x0000000080000000, 0x0000000100000000)
  region size 1024K, 2 young (2048K), 2 survivors (2048K)
 Metaspace       used 57952K, committed 58624K, reserved 491520K
  class space    used 8151K, committed 8448K, reserved 425984K
}
Event: 7.685 GC heap before
{Heap before GC invocations=27 (full 0):
 garbage-first heap   total 96256K, used 73209K [0x0000000080000000, 0x0000000100000000)
  region size 1024K, 21 young (21504K), 2 survivors (2048K)
 Metaspace       used 59228K, committed 59840K, reserved 491520K
  class space    used 8314K, committed 8576K, reserved 425984K
}
Event: 7.687 GC heap after
{Heap after GC invocations=28 (full 0):
 garbage-first heap   total 115712K, used 55632K [0x0000000080000000, 0x0000000100000000)
  region size 1024K, 3 young (3072K), 3 survivors (3072K)
 Metaspace       used 59228K, committed 59840K, reserved 491520K
  class space    used 8314K, committed 8576K, reserved 425984K
}
Event: 7.960 GC heap before
{Heap before GC invocations=29 (full 0):
 garbage-first heap   total 115712K, used 86352K [0x0000000080000000, 0x0000000100000000)
  region size 1024K, 33 young (33792K), 3 survivors (3072K)
 Metaspace       used 62066K, committed 62720K, reserved 491520K
  class space    used 8762K, committed 9088K, reserved 425984K
}
Event: 7.963 GC heap after
{Heap after GC invocations=30 (full 0):
 garbage-first heap   total 115712K, used 56828K [0x0000000080000000, 0x0000000100000000)
  region size 1024K, 4 young (4096K), 4 survivors (4096K)
 Metaspace       used 62066K, committed 62720K, reserved 491520K
  class space    used 8762K, committed 9088K, reserved 425984K
}
Event: 8.214 GC heap before
{Heap before GC invocations=30 (full 0):
 garbage-first heap   total 115712K, used 88572K [0x0000000080000000, 0x0000000100000000)
  region size 1024K, 35 young (35840K), 4 survivors (4096K)
 Metaspace       used 63752K, committed 64384K, reserved 491520K
  class space    used 9015K, committed 9344K, reserved 425984K
}
Event: 8.217 GC heap after
{Heap after GC invocations=31 (full 0):
 garbage-first heap   total 115712K, used 57786K [0x0000000080000000, 0x0000000100000000)
  region size 1024K, 4 young (4096K), 4 survivors (4096K)
 Metaspace       used 63752K, committed 64384K, reserved 491520K
  class space    used 9015K, committed 9344K, reserved 425984K
}
Event: 8.564 GC heap before
{Heap before GC invocations=32 (full 0):
 garbage-first heap   total 115712K, used 90554K [0x0000000080000000, 0x0000000100000000)
  region size 1024K, 36 young (36864K), 4 survivors (4096K)
 Metaspace       used 64909K, committed 65600K, reserved 491520K
  class space    used 9198K, committed 9536K, reserved 425984K
}
Event: 8.567 GC heap after
{Heap after GC invocations=33 (full 0):
 garbage-first heap   total 115712K, used 60702K [0x0000000080000000, 0x0000000100000000)
  region size 1024K, 5 young (5120K), 5 survivors (5120K)
 Metaspace       used 64909K, committed 65600K, reserved 491520K
  class space    used 9198K, committed 9536K, reserved 425984K
}
Event: 8.580 GC heap before
{Heap before GC invocations=33 (full 0):
 garbage-first heap   total 115712K, used 61726K [0x0000000080000000, 0x0000000100000000)
  region size 1024K, 6 young (6144K), 5 survivors (5120K)
 Metaspace       used 64987K, committed 65728K, reserved 491520K
  class space    used 9213K, committed 9536K, reserved 425984K
}
Event: 8.583 GC heap after
{Heap after GC invocations=34 (full 0):
 garbage-first heap   total 115712K, used 60879K [0x0000000080000000, 0x0000000100000000)
  region size 1024K, 1 young (1024K), 1 survivors (1024K)
 Metaspace       used 64987K, committed 65728K, reserved 491520K
  class space    used 9213K, committed 9536K, reserved 425984K
}
Event: 9.024 GC heap before
{Heap before GC invocations=34 (full 0):
 garbage-first heap   total 115712K, used 92623K [0x0000000080000000, 0x0000000100000000)
  region size 1024K, 32 young (32768K), 1 survivors (1024K)
 Metaspace       used 65919K, committed 66688K, reserved 491520K
  class space    used 9305K, committed 9664K, reserved 425984K
}
Event: 9.027 GC heap after
{Heap after GC invocations=35 (full 0):
 garbage-first heap   total 115712K, used 63768K [0x0000000080000000, 0x0000000100000000)
  region size 1024K, 4 young (4096K), 4 survivors (4096K)
 Metaspace       used 65919K, committed 66688K, reserved 491520K
  class space    used 9305K, committed 9664K, reserved 425984K
}

